[2024-01-15 22:52:27.130 +01:00 INF] Now listening on: http://localhost:5010
[2024-01-15 22:52:27.155 +01:00 INF] Application started. Press Ctrl+C to shut down.
[2024-01-15 22:52:27.156 +01:00 INF] Hosting environment: Development
[2024-01-15 22:52:27.156 +01:00 INF] Content root path: C:\Projects\telementrydotnet\telemetry\TelemtryNetProject\Simulator
[2024-01-15 22:52:27.713 +01:00 INF] The file /swagger-ui.css was not modified
[2024-01-15 22:52:27.713 +01:00 INF] The file /swagger-ui-bundle.js was not modified
[2024-01-15 22:52:27.713 +01:00 INF] The file /swagger-ui-standalone-preset.js was not modified
[2024-01-15 22:52:27.862 +01:00 INF] Sending file. Request path: '/favicon-32x32.png'. Physical path: 'N/A'
[2024-01-15 22:52:36.584 +01:00 INF] Route matched with {action = "SimulateCreateUsers", controller = "Simulate"}. Executing controller action with signature System.Threading.Tasks.Task`1[Microsoft.AspNetCore.Mvc.IActionResult] SimulateCreateUsers(Simulator.Models.SimulateCreateUsersRequest, System.Threading.CancellationToken) on controller Simulator.Controllers.SimulateController (Simulator).
[2024-01-15 22:52:36.631 +01:00 INF] Executing action method Simulator.Controllers.SimulateController.SimulateCreateUsers (Simulator) - Validation state: "Valid"
[2024-01-15 22:52:36.664 +01:00 INF] Starting to simulate create users
[2024-01-15 22:52:36.756 +01:00 INF] Finished simulating create users in 91 ms
[2024-01-15 22:52:36.762 +01:00 INF] Executed action method Simulator.Controllers.SimulateController.SimulateCreateUsers (Simulator), returned result Microsoft.AspNetCore.Mvc.OkResult in 126.0048ms.
[2024-01-15 22:52:36.775 +01:00 INF] Executing StatusCodeResult, setting HTTP status code 200
[2024-01-15 22:52:36.778 +01:00 INF] Executed action Simulator.Controllers.SimulateController.SimulateCreateUsers (Simulator) in 190.5106ms
[2024-01-15 22:52:36.778 +01:00 INF] Start processing HTTP request POST http://localhost:8080/User/
[2024-01-15 22:52:36.778 +01:00 INF] Start processing HTTP request POST http://localhost:8080/User/
[2024-01-15 22:52:36.778 +01:00 INF] Start processing HTTP request POST http://localhost:8080/User/
[2024-01-15 22:52:36.778 +01:00 INF] Start processing HTTP request POST http://localhost:8080/User/
[2024-01-15 22:52:36.778 +01:00 INF] Start processing HTTP request POST http://localhost:8080/User/
[2024-01-15 22:52:36.778 +01:00 INF] Start processing HTTP request POST http://localhost:8080/User/
[2024-01-15 22:52:36.778 +01:00 INF] Start processing HTTP request POST http://localhost:8080/User/
[2024-01-15 22:52:36.778 +01:00 INF] Start processing HTTP request POST http://localhost:8080/User/
[2024-01-15 22:52:36.778 +01:00 INF] Start processing HTTP request POST http://localhost:8080/User/
[2024-01-15 22:52:36.778 +01:00 INF] Start processing HTTP request POST http://localhost:8080/User/
[2024-01-15 22:52:36.779 +01:00 INF] Sending HTTP request POST http://localhost:8080/User/
[2024-01-15 22:52:36.779 +01:00 INF] Sending HTTP request POST http://localhost:8080/User/
[2024-01-15 22:52:36.779 +01:00 INF] Sending HTTP request POST http://localhost:8080/User/
[2024-01-15 22:52:36.779 +01:00 INF] Sending HTTP request POST http://localhost:8080/User/
[2024-01-15 22:52:36.779 +01:00 INF] Sending HTTP request POST http://localhost:8080/User/
[2024-01-15 22:52:36.780 +01:00 INF] Sending HTTP request POST http://localhost:8080/User/
[2024-01-15 22:52:36.780 +01:00 INF] Sending HTTP request POST http://localhost:8080/User/
[2024-01-15 22:52:36.780 +01:00 INF] Sending HTTP request POST http://localhost:8080/User/
[2024-01-15 22:52:36.780 +01:00 INF] Sending HTTP request POST http://localhost:8080/User/
[2024-01-15 22:52:36.780 +01:00 INF] Sending HTTP request POST http://localhost:8080/User/
[2024-01-15 22:52:38.990 +01:00 INF] Received HTTP response headers after 2206.1576ms - 200
[2024-01-15 22:52:38.990 +01:00 INF] Received HTTP response headers after 2205.8256ms - 200
[2024-01-15 22:52:38.990 +01:00 INF] Received HTTP response headers after 2206.319ms - 200
[2024-01-15 22:52:38.990 +01:00 INF] Received HTTP response headers after 2205.6501ms - 200
[2024-01-15 22:52:38.990 +01:00 INF] Received HTTP response headers after 2206.4678ms - 200
[2024-01-15 22:52:38.990 +01:00 INF] Received HTTP response headers after 2206.6021ms - 200
[2024-01-15 22:52:38.990 +01:00 INF] Received HTTP response headers after 2206.7239ms - 200
[2024-01-15 22:52:38.990 +01:00 INF] Received HTTP response headers after 2206.8288ms - 200
[2024-01-15 22:52:38.990 +01:00 INF] Received HTTP response headers after 2206.031ms - 200
[2024-01-15 22:52:38.990 +01:00 INF] Received HTTP response headers after 2205.9192ms - 200
[2024-01-15 22:52:38.991 +01:00 INF] End processing HTTP request after 2213.9587ms - 200
[2024-01-15 22:52:38.991 +01:00 INF] End processing HTTP request after 2214.0177ms - 200
[2024-01-15 22:52:38.991 +01:00 INF] End processing HTTP request after 2213.9705ms - 200
[2024-01-15 22:52:38.991 +01:00 INF] End processing HTTP request after 2213.9301ms - 200
[2024-01-15 22:52:38.991 +01:00 INF] End processing HTTP request after 2213.9352ms - 200
[2024-01-15 22:52:38.991 +01:00 INF] End processing HTTP request after 2214.1263ms - 200
[2024-01-15 22:52:38.991 +01:00 INF] End processing HTTP request after 2214.2945ms - 200
[2024-01-15 22:52:38.991 +01:00 INF] End processing HTTP request after 2214.4065ms - 200
[2024-01-15 22:52:38.991 +01:00 INF] End processing HTTP request after 2214.5612ms - 200
[2024-01-15 22:52:38.991 +01:00 INF] End processing HTTP request after 2214.6782ms - 200
[2024-01-15 22:52:38.999 +01:00 INF] Created UserId: 65a5a926be28d8ebc3f1a8d5
[2024-01-15 22:52:38.999 +01:00 INF] Created UserId: 65a5a926be28d8ebc3f1a8d9
[2024-01-15 22:52:38.999 +01:00 INF] Created UserId: 65a5a926be28d8ebc3f1a8d4
[2024-01-15 22:52:38.999 +01:00 INF] Created UserId: 65a5a926be28d8ebc3f1a8d6
[2024-01-15 22:52:38.999 +01:00 INF] Created UserId: 65a5a926be28d8ebc3f1a8d3
[2024-01-15 22:52:38.999 +01:00 INF] Created UserId: 65a5a926be28d8ebc3f1a8db
[2024-01-15 22:52:38.999 +01:00 INF] Created UserId: 65a5a926be28d8ebc3f1a8da
[2024-01-15 22:52:38.999 +01:00 INF] Created UserId: 65a5a926be28d8ebc3f1a8d8
[2024-01-15 22:52:38.999 +01:00 INF] Created UserId: 65a5a926be28d8ebc3f1a8d7
[2024-01-15 22:52:38.999 +01:00 INF] Created UserId: 65a5a926be28d8ebc3f1a8dc
